<?xml version="1.0" encoding="UTF-8"?>
<testng-results skipped="0" failed="0" ignored="0" total="1" passed="1">
  <reporter-output>
  </reporter-output>
  <suite name="Default suite" duration-ms="18168" started-at="2019-10-15T14:15:37 IST" finished-at="2019-10-15T14:15:55 IST">
    <groups>
    </groups>
    <test name="Default test" duration-ms="18168" started-at="2019-10-15T14:15:37 IST" finished-at="2019-10-15T14:15:55 IST">
      <class name="tests.Logintestcase">
        <test-method status="PASS" signature="initBrowser()[pri:0, instance:tests.Logintestcase@23e028a9]" name="initBrowser" duration-ms="18115" started-at="2019-10-15T14:15:37 IST" finished-at="2019-10-15T14:15:55 IST">
          <reporter-output>
          </reporter-output>
        </test-method> <!-- initBrowser -->
      </class> <!-- tests.Logintestcase -->
    </test> <!-- Default test -->
  </suite> <!-- Default suite -->
</testng-results>
